
TINY COMPILATION: ../example/mdc.cm
	2: ERROR: 
	3: reserved word: int
	3: ID, name= gdc
	3: (
	3: reserved word: int
	3: ID, name= u
	3: ,
	3: reserved word: int
	3: ID, name= v
	3: )
	3: ERROR: 
	4: {
	4: ERROR: 
	5: reserved word: if
	5: (
	5: ID, name= v
	5: ==
	5: NUM, val= 0
	5: )
	5: reserved word: return
	5: ID, name= u
	5: ;
	5: ERROR: 
	6: reserved word: else
	6: reserved word: return
	6: ID, name= gdc
	6: (
	6: ID, name= v
	6: ,
	6: ID, name= u
	6: -
	6: ID, name= u
	6: /
	6: ID, name= v
	6: *
	6: ID, name= v
	6: )
	6: ;
	6: ERROR: 
	7: ERROR: 
	8: }
	8: ERROR: 
	9: reserved word: void
	9: ID, name= main
	9: (
	9: reserved word: void
	9: )
	9: ERROR: 
	10: {
	10: ERROR: 
	11: reserved word: int
	11: ID, name= x
	11: ;
	11: ERROR: 
	12: reserved word: int
	12: ID, name= y
	12: ;
	12: ERROR: 
	13: ID, name= x
	13: =
	13: ID, name= input
	13: (
	13: )
	13: ;
	13: ERROR: 
	14: ID, name= y
	14: =
	14: ID, name= input
	14: (
	14: )
	14: ;
	14: ERROR: 
	15: ID, name= output
	15: (
	15: ID, name= gdc
	15: (
	15: ID, name= x
	15: ,
	15: ID, name= y
	15: )
	15: )
	15: ;
	15: ERROR: 
	16: }
	16: EOF
