
TINY COMPILATION: ../example/missing_semicolon.cm
	3: reserved word: int
	3: ID, name= gcd
	3: (
	3: reserved word: int
	3: ID, name= u
	3: ,
	3: reserved word: int
	3: ID, name= v
	3: )
	4: {
	5: reserved word: if
	5: (
	5: ID, name= v
	5: ==
	5: NUM, val= 0
	5: )
	5: reserved word: return
	5: ID, name= u
	5: ;
	6: reserved word: else
	6: reserved word: return
	6: ID, name= gcd
	6: (
	6: ID, name= v
	6: ,
	6: ID, name= u
	6: -
	6: ID, name= u
	6: /
	6: ID, name= v
	6: *
	6: ID, name= v
	6: )
	6: ;
	8: }
	9: reserved word: void
	9: ID, name= main
	9: (
	9: reserved word: void
	9: )
	10: {
	11: reserved word: int
	11: ID, name= x
	12: reserved word: int
	12: ID, name= y
	12: ;
	13: ID, name= x
	13: =
	13: ID, name= input
	13: (
	13: )
	13: ;
	14: ID, name= y
	14: =
	14: ID, name= input
	14: (
	14: )
	14: ;
	15: ID, name= output
	15: (
	15: ID, name= gcd
	15: (
	15: ID, name= x
	15: ,
	15: ID, name= y
	15: )
	15: )
	15: ;
	16: }
	16: EOF
