
TINY COMPILATION: ../example/ser7_variable_name_used_for_function.cm
	1: reserved word: int
	1: ID, name= funOne
	1: (
	1: reserved word: void
	1: )
	1: {
	2: ID, name= output
	2: (
	2: NUM, val= 1
	2: )
	2: ;
	3: }
	5: reserved word: int
	5: ID, name= xyz
	5: (
	5: reserved word: void
	5: )
	5: {
	6: reserved word: int
	6: ID, name= x
	6: ;
	7: reserved word: int
	7: ID, name= y
	7: ;
	8: reserved word: int
	8: ID, name= z
	8: ;
	9: }
	11: reserved word: void
	11: ID, name= main
	11: (
	11: reserved word: void
	11: )
	12: {
	13: reserved word: int
	13: ID, name= a
	13: ;
	14: reserved word: int
	14: ID, name= xyz
	14: ;
	15: }
	15: EOF
