
TINY COMPILATION: ../example/ser3_invalid_decl_void_variable.cm
1: void main(void)
	1: reserved word: void
	1: ID, name= main
	1: (
	1: reserved word: void
	1: )
2: {
	2: {
3:     void a;
	3: reserved word: void
	3: ID, name= a
	3: ;
4: }
	4: }
	4: EOF

Syntax tree:
Declare function (return type "void"): main
    Declare void var: a

Building Symbol Table...
Semantic error at line 3: variable declared void

Symbol table:

Variable Name  Scope     ID Type  Data Type  Line Numbers
-------------  --------  -------  ---------  -------------------------
main                     fun      void        1 
input                    fun      int        
output                   fun      void       

Checking Types...

Type Checking Finished

Checking for main...
