\BOOKMARK [0][-]{chapter.1}{\376\377\0001\000\040\000F\000i\000l\000e\000\040\000I\000n\000d\000e\000x}{}% 1
\BOOKMARK [1][-]{section.1.1}{\376\377\0001\000.\0001\000\040\000F\000i\000l\000e\000\040\000L\000i\000s\000t}{chapter.1}% 2
\BOOKMARK [0][-]{chapter.2}{\376\377\0002\000\040\000F\000i\000l\000e\000\040\000D\000o\000c\000u\000m\000e\000n\000t\000a\000t\000i\000o\000n}{}% 3
\BOOKMARK [1][-]{section.2.1}{\376\377\0002\000.\0001\000\040\000l\000o\000g\000.\000c\000\040\000F\000i\000l\000e\000\040\000R\000e\000f\000e\000r\000e\000n\000c\000e}{chapter.2}% 4
\BOOKMARK [2][-]{subsection.2.1.1}{\376\377\0002\000.\0001\000.\0001\000\040\000F\000u\000n\000c\000t\000i\000o\000n\000\040\000D\000o\000c\000u\000m\000e\000n\000t\000a\000t\000i\000o\000n}{section.2.1}% 5
\BOOKMARK [3][-]{subsubsection.2.1.1.1}{\376\377\0002\000.\0001\000.\0001\000.\0001\000\040\000c\000l\000o\000s\000e\000P\000r\000i\000n\000t\000e\000r\000\050\000\051}{subsection.2.1.1}% 6
\BOOKMARK [3][-]{subsubsection.2.1.1.2}{\376\377\0002\000.\0001\000.\0001\000.\0002\000\040\000d\000o\000n\000e\000L\000E\000X\000s\000t\000a\000r\000t\000S\000Y\000N\000\050\000\051}{subsection.2.1.1}% 7
\BOOKMARK [3][-]{subsubsection.2.1.1.3}{\376\377\0002\000.\0001\000.\0001\000.\0003\000\040\000d\000o\000n\000e\000S\000Y\000N\000s\000t\000a\000r\000t\000T\000A\000B\000\050\000\051}{subsection.2.1.1}% 8
\BOOKMARK [3][-]{subsubsection.2.1.1.4}{\376\377\0002\000.\0001\000.\0001\000.\0004\000\040\000d\000o\000n\000e\000T\000A\000B\000s\000t\000a\000r\000t\000G\000E\000N\000\050\000\051}{subsection.2.1.1}% 9
\BOOKMARK [3][-]{subsubsection.2.1.1.5}{\376\377\0002\000.\0001\000.\0001\000.\0005\000\040\000f\000f\000l\000u\000s\000h\000c\000\050\000\051}{subsection.2.1.1}% 10
\BOOKMARK [3][-]{subsubsection.2.1.1.6}{\376\377\0002\000.\0001\000.\0001\000.\0006\000\040\000i\000n\000i\000t\000i\000a\000l\000i\000z\000e\000P\000r\000i\000n\000t\000e\000r\000\050\000\051}{subsection.2.1.1}% 11
\BOOKMARK [3][-]{subsubsection.2.1.1.7}{\376\377\0002\000.\0001\000.\0001\000.\0007\000\040\000p\000c\000\050\000\051}{subsection.2.1.1}% 12
\BOOKMARK [3][-]{subsubsection.2.1.1.8}{\376\377\0002\000.\0001\000.\0001\000.\0008\000\040\000p\000c\000e\000\050\000\051}{subsection.2.1.1}% 13
\BOOKMARK [3][-]{subsubsection.2.1.1.9}{\376\377\0002\000.\0001\000.\0001\000.\0009\000\040\000p\000p\000\050\000\051}{subsection.2.1.1}% 14
\BOOKMARK [3][-]{subsubsection.2.1.1.10}{\376\377\0002\000.\0001\000.\0001\000.\0001\0000\000\040\000s\000p\000l\000i\000t\000F\000i\000l\000e\000N\000a\000m\000e\000\050\000\051}{subsection.2.1.1}% 15
\BOOKMARK [2][-]{subsection.2.1.2}{\376\377\0002\000.\0001\000.\0002\000\040\000V\000a\000r\000i\000a\000b\000l\000e\000\040\000D\000o\000c\000u\000m\000e\000n\000t\000a\000t\000i\000o\000n}{section.2.1}% 16
\BOOKMARK [3][-]{subsubsection.2.1.2.1}{\376\377\0002\000.\0001\000.\0002\000.\0001\000\040\000c\000u\000r\000r\000e\000n\000t\000S\000t\000a\000t\000e}{subsection.2.1.2}% 17
\BOOKMARK [3][-]{subsubsection.2.1.2.2}{\376\377\0002\000.\0001\000.\0002\000.\0002\000\040\000f\000i\000l\000e\000E\000R\000\137}{subsection.2.1.2}% 18
\BOOKMARK [3][-]{subsubsection.2.1.2.3}{\376\377\0002\000.\0001\000.\0002\000.\0003\000\040\000f\000i\000l\000e\000G\000E\000N}{subsection.2.1.2}% 19
\BOOKMARK [3][-]{subsubsection.2.1.2.4}{\376\377\0002\000.\0001\000.\0002\000.\0004\000\040\000f\000i\000l\000e\000L\000E\000X}{subsection.2.1.2}% 20
\BOOKMARK [3][-]{subsubsection.2.1.2.5}{\376\377\0002\000.\0001\000.\0002\000.\0005\000\040\000f\000i\000l\000e\000s\000O\000p\000e\000n\000e\000d}{subsection.2.1.2}% 21
\BOOKMARK [3][-]{subsubsection.2.1.2.6}{\376\377\0002\000.\0001\000.\0002\000.\0006\000\040\000f\000i\000l\000e\000S\000Y\000N}{subsection.2.1.2}% 22
\BOOKMARK [3][-]{subsubsection.2.1.2.7}{\376\377\0002\000.\0001\000.\0002\000.\0007\000\040\000f\000i\000l\000e\000T\000A\000B}{subsection.2.1.2}% 23
\BOOKMARK [1][-]{section.2.2}{\376\377\0002\000.\0002\000\040\000l\000o\000g\000.\000h\000\040\000F\000i\000l\000e\000\040\000R\000e\000f\000e\000r\000e\000n\000c\000e}{chapter.2}% 24
\BOOKMARK [2][-]{subsection.2.2.1}{\376\377\0002\000.\0002\000.\0001\000\040\000T\000y\000p\000e\000d\000e\000f\000\040\000D\000o\000c\000u\000m\000e\000n\000t\000a\000t\000i\000o\000n}{section.2.2}% 25
\BOOKMARK [3][-]{subsubsection.2.2.1.1}{\376\377\0002\000.\0002\000.\0001\000.\0001\000\040\000F\000i\000l\000e\000D\000e\000s\000t\000i\000n\000a\000t\000i\000o\000n}{subsection.2.2.1}% 26
\BOOKMARK [2][-]{subsection.2.2.2}{\376\377\0002\000.\0002\000.\0002\000\040\000E\000n\000u\000m\000e\000r\000a\000t\000i\000o\000n\000\040\000T\000y\000p\000e\000\040\000D\000o\000c\000u\000m\000e\000n\000t\000a\000t\000i\000o\000n}{section.2.2}% 27
\BOOKMARK [3][-]{subsubsection.2.2.2.1}{\376\377\0002\000.\0002\000.\0002\000.\0001\000\040\000f\000i\000l\000e\000D\000e\000s\000t\000i\000n\000a\000t\000i\000o\000n}{subsection.2.2.2}% 28
\BOOKMARK [2][-]{subsection.2.2.3}{\376\377\0002\000.\0002\000.\0003\000\040\000F\000u\000n\000c\000t\000i\000o\000n\000\040\000D\000o\000c\000u\000m\000e\000n\000t\000a\000t\000i\000o\000n}{section.2.2}% 29
\BOOKMARK [3][-]{subsubsection.2.2.3.1}{\376\377\0002\000.\0002\000.\0003\000.\0001\000\040\000c\000l\000o\000s\000e\000P\000r\000i\000n\000t\000e\000r\000\050\000\051}{subsection.2.2.3}% 30
\BOOKMARK [3][-]{subsubsection.2.2.3.2}{\376\377\0002\000.\0002\000.\0003\000.\0002\000\040\000d\000o\000n\000e\000L\000E\000X\000s\000t\000a\000r\000t\000S\000Y\000N\000\050\000\051}{subsection.2.2.3}% 31
\BOOKMARK [3][-]{subsubsection.2.2.3.3}{\376\377\0002\000.\0002\000.\0003\000.\0003\000\040\000d\000o\000n\000e\000S\000Y\000N\000s\000t\000a\000r\000t\000T\000A\000B\000\050\000\051}{subsection.2.2.3}% 32
\BOOKMARK [3][-]{subsubsection.2.2.3.4}{\376\377\0002\000.\0002\000.\0003\000.\0004\000\040\000d\000o\000n\000e\000T\000A\000B\000s\000t\000a\000r\000t\000G\000E\000N\000\050\000\051}{subsection.2.2.3}% 33
\BOOKMARK [3][-]{subsubsection.2.2.3.5}{\376\377\0002\000.\0002\000.\0003\000.\0005\000\040\000f\000f\000l\000u\000s\000h\000c\000\050\000\051}{subsection.2.2.3}% 34
\BOOKMARK [3][-]{subsubsection.2.2.3.6}{\376\377\0002\000.\0002\000.\0003\000.\0006\000\040\000i\000n\000i\000t\000i\000a\000l\000i\000z\000e\000P\000r\000i\000n\000t\000e\000r\000\050\000\051}{subsection.2.2.3}% 35
\BOOKMARK [3][-]{subsubsection.2.2.3.7}{\376\377\0002\000.\0002\000.\0003\000.\0007\000\040\000p\000c\000\050\000\051}{subsection.2.2.3}% 36
\BOOKMARK [3][-]{subsubsection.2.2.3.8}{\376\377\0002\000.\0002\000.\0003\000.\0008\000\040\000p\000c\000e\000\050\000\051}{subsection.2.2.3}% 37
\BOOKMARK [3][-]{subsubsection.2.2.3.9}{\376\377\0002\000.\0002\000.\0003\000.\0009\000\040\000p\000p\000\050\000\051}{subsection.2.2.3}% 38
\BOOKMARK [0][-]{section*.11}{\376\377\000I\000n\000d\000e\000x}{}% 39
