
TINY COMPILATION: ../example/ser4_variable_already_declared.cm
1: void main(void)
	1: reserved word: void
	1: ID, name= main
	1: (
	1: reserved word: void
	1: )
2: {
	2: {
3:     int a;
	3: reserved word: int
	3: ID, name= a
	3: ;
4:     int a;
	4: reserved word: int
	4: ID, name= a
	4: ;
5: }
	5: }
	5: EOF

Syntax tree:
Declare function (return type "void"): main
    Declare int var: a
    Declare int var: a

Building Symbol Table...
Semantic error at line 4: 'a' was already declared as a variable

Symbol table:

Variable Name  Scope     ID Type  Data Type  Line Numbers
-------------  --------  -------  ---------  -------------------------
a              main      var      int         3 
main                     fun      void        1 
input                    fun      int        
output                   fun      void       

Checking Types...

Type Checking Finished

Checking for main...
